<?xml version="1.0" encoding="UTF-8"?>
<testng-results ignored="3" total="7" passed="3" failed="1" skipped="0">
  <reporter-output>
  </reporter-output>
  <suite started-at="2024-05-20T09:59:04 IST" name="Suite" finished-at="2024-05-20T09:59:21 IST" duration-ms="16437">
    <groups>
    </groups>
    <test started-at="2024-05-20T09:59:04 IST" name="Test" finished-at="2024-05-20T09:59:21 IST" duration-ms="16437">
      <class name="testcases.loginTestCases">
        <test-method is-config="true" signature="browserAndurlLaunch()[pri:0, instance:testcases.loginTestCases@52bf72b5]" started-at="2024-05-20T09:59:16 IST" name="browserAndurlLaunch" finished-at="2024-05-20T09:59:17 IST" duration-ms="1859" status="PASS">
          <reporter-output>
          </reporter-output>
        </test-method> <!-- browserAndurlLaunch -->
        <test-method signature="verifyLoginWithInValidData()[pri:0, instance:testcases.loginTestCases@52bf72b5]" started-at="2024-05-20T09:59:17 IST" name="verifyLoginWithInValidData" finished-at="2024-05-20T09:59:18 IST" duration-ms="755" status="FAIL">
          <exception class="java.lang.AssertionError">
            <message>
              <![CDATA[The following asserts failed:
Your textis not matching expected [Warning: No match for E-Mail Address and/or Password.] but found [Warning: Your account has exceeded allowed number of login attempts. Please try again in 1 hour.]]]>
            </message>
            <full-stacktrace>
              <![CDATA[java.lang.AssertionError: The following asserts failed:
Your textis not matching expected [Warning: No match for E-Mail Address and/or Password.] but found [Warning: Your account has exceeded allowed number of login attempts. Please try again in 1 hour.]
at org.testng.asserts.SoftAssert.assertAll(SoftAssert.java:47)
at org.testng.asserts.SoftAssert.assertAll(SoftAssert.java:31)
at resources.commonMethods.handleAssertion(commonMethods.java:18)
at testcases.loginTestCases.verifyLoginWithInValidData(loginTestCases.java:101)
at java.base/jdk.internal.reflect.DirectMethodHandleAccessor.invoke(DirectMethodHandleAccessor.java:103)
at java.base/java.lang.reflect.Method.invoke(Method.java:580)
at org.testng.internal.MethodInvocationHelper.invokeMethod(MethodInvocationHelper.java:133)
at org.testng.internal.TestInvoker.invokeMethod(TestInvoker.java:598)
at org.testng.internal.TestInvoker.invokeTestMethod(TestInvoker.java:173)
at org.testng.internal.MethodRunner.runInSequence(MethodRunner.java:46)
at org.testng.internal.TestInvoker$MethodInvocationAgent.invoke(TestInvoker.java:824)
at org.testng.internal.TestInvoker.invokeTestMethods(TestInvoker.java:146)
at org.testng.internal.TestMethodWorker.invokeTestMethods(TestMethodWorker.java:146)
at org.testng.internal.TestMethodWorker.run(TestMethodWorker.java:128)
at java.base/java.util.ArrayList.forEach(ArrayList.java:1596)
at org.testng.TestRunner.privateRun(TestRunner.java:794)
at org.testng.TestRunner.run(TestRunner.java:596)
at org.testng.SuiteRunner.runTest(SuiteRunner.java:377)
at org.testng.SuiteRunner.runSequentially(SuiteRunner.java:371)
at org.testng.SuiteRunner.privateRun(SuiteRunner.java:332)
at org.testng.SuiteRunner.run(SuiteRunner.java:276)
at org.testng.SuiteRunnerWorker.runSuite(SuiteRunnerWorker.java:53)
at org.testng.SuiteRunnerWorker.run(SuiteRunnerWorker.java:96)
at org.testng.TestNG.runSuitesSequentially(TestNG.java:1212)
at org.testng.TestNG.runSuitesLocally(TestNG.java:1134)
at org.testng.TestNG.runSuites(TestNG.java:1063)
at org.testng.TestNG.run(TestNG.java:1031)
at org.testng.remote.AbstractRemoteTestNG.run(AbstractRemoteTestNG.java:115)
at org.testng.remote.RemoteTestNG.initAndRun(RemoteTestNG.java:293)
at org.testng.remote.RemoteTestNG.main(RemoteTestNG.java:91)
]]>
            </full-stacktrace>
          </exception> <!-- java.lang.AssertionError -->
          <reporter-output>
          </reporter-output>
        </test-method> <!-- verifyLoginWithInValidData -->
        <test-method is-config="true" signature="browserAndurlLaunch()[pri:0, instance:testcases.loginTestCases@52bf72b5]" started-at="2024-05-20T09:59:18 IST" name="browserAndurlLaunch" finished-at="2024-05-20T09:59:20 IST" duration-ms="1822" status="PASS">
          <reporter-output>
          </reporter-output>
        </test-method> <!-- browserAndurlLaunch -->
        <test-method signature="verifyLoginWithValidData()[pri:0, instance:testcases.loginTestCases@52bf72b5]" started-at="2024-05-20T09:59:20 IST" name="verifyLoginWithValidData" finished-at="2024-05-20T09:59:21 IST" duration-ms="803" status="PASS">
          <reporter-output>
          </reporter-output>
        </test-method> <!-- verifyLoginWithValidData -->
      </class> <!-- testcases.loginTestCases -->
      <class name="testcases.registerTestCases">
        <test-method is-config="true" signature="ExtentReport()[pri:0, instance:testcases.registerTestCases@1aa7ecca]" started-at="2024-05-20T09:59:04 IST" name="ExtentReport" finished-at="2024-05-20T09:59:04 IST" duration-ms="171" status="PASS">
          <reporter-output>
          </reporter-output>
        </test-method> <!-- ExtentReport -->
        <test-method is-config="true" signature="browserAndurlLaunch()[pri:0, instance:testcases.registerTestCases@1aa7ecca]" started-at="2024-05-20T09:59:04 IST" name="browserAndurlLaunch" finished-at="2024-05-20T09:59:09 IST" duration-ms="4536" status="PASS">
          <reporter-output>
          </reporter-output>
        </test-method> <!-- browserAndurlLaunch -->
        <test-method signature="verifyRegistrrationWithValideData()[pri:1, instance:testcases.registerTestCases@1aa7ecca]" started-at="2024-05-20T09:59:09 IST" name="verifyRegistrrationWithValideData" finished-at="2024-05-20T09:59:12 IST" duration-ms="2653" status="PASS">
          <reporter-output>
          </reporter-output>
        </test-method> <!-- verifyRegistrrationWithValideData -->
        <test-method is-config="true" signature="browserAndurlLaunch()[pri:0, instance:testcases.registerTestCases@1aa7ecca]" started-at="2024-05-20T09:59:12 IST" name="browserAndurlLaunch" finished-at="2024-05-20T09:59:15 IST" duration-ms="3146" status="PASS">
          <reporter-output>
          </reporter-output>
        </test-method> <!-- browserAndurlLaunch -->
        <test-method signature="verifyRegistrrationWithBlankData()[pri:2, instance:testcases.registerTestCases@1aa7ecca]" started-at="2024-05-20T09:59:15 IST" name="verifyRegistrrationWithBlankData" finished-at="2024-05-20T09:59:15 IST" duration-ms="753" status="PASS">
          <reporter-output>
          </reporter-output>
        </test-method> <!-- verifyRegistrrationWithBlankData -->
        <test-method is-config="true" signature="endReport()[pri:0, instance:testcases.registerTestCases@1aa7ecca]" started-at="2024-05-20T09:59:21 IST" name="endReport" finished-at="2024-05-20T09:59:21 IST" duration-ms="239" status="PASS">
          <reporter-output>
          </reporter-output>
        </test-method> <!-- endReport -->
      </class> <!-- testcases.registerTestCases -->
    </test> <!-- Test -->
  </suite> <!-- Suite -->
</testng-results>
